0 verbose cli D:\JAVA\node\node.exe D:\JAVA\node\node_modules\npm\bin\npm-cli.js
1 info using npm@11.16.0
2 info using node@v24.18.0
3 silly config load:file:D:\JAVA\node\node_modules\npm\npmrc
4 silly config load:file:C:\Users\18252\.npmrc
5 silly config load:file:D:\JAVA\projects\ldy-ai-code-mother\%APPDATA%\npm-global\etc\npmrc
6 verbose title npm i serve
7 verbose argv "i" "--global" "serve"
8 verbose logfile logs-max:10 dir:D:\JAVA\projects\ldy-ai-code-mother\%APPDATA%\npm-cache\_logs\2026-07-09T02_09_15_662Z-
9 verbose logfile D:\JAVA\projects\ldy-ai-code-mother\%APPDATA%\npm-cache\_logs\2026-07-09T02_09_15_662Z-debug-0.log
10 silly packumentCache heap:4496293888 maxSize:1124073472 maxEntrySize:562036736
11 silly logfile done cleaning log files
12 silly idealTree buildDeps
13 silly fetch manifest serve@*
14 silly packumentCache full:https://registry.npmmirror.com/serve cache-miss
15 http fetch GET 200 https://registry.npmmirror.com/npm 262ms
16 http fetch GET 200 https://registry.npmmirror.com/serve 262ms (cache miss)
17 silly packumentCache full:https://registry.npmmirror.com/serve set size:76185 disposed:false
18 silly placeDep ROOT serve@14.2.6 OK for:  want: *
19 silly fetch manifest @zeit/schemas@2.36.0
20 silly packumentCache full:https://registry.npmmirror.com/@zeit%2fschemas cache-miss
21 silly fetch manifest ajv@8.18.0
22 silly packumentCache full:https://registry.npmmirror.com/ajv cache-miss
23 silly fetch manifest arg@5.0.2
24 silly packumentCache full:https://registry.npmmirror.com/arg cache-miss
25 silly fetch manifest boxen@7.0.0
26 silly packumentCache full:https://registry.npmmirror.com/boxen cache-miss
27 silly fetch manifest chalk@5.0.1
28 silly packumentCache full:https://registry.npmmirror.com/chalk cache-miss
29 silly fetch manifest chalk-template@0.4.0
30 silly packumentCache full:https://registry.npmmirror.com/chalk-template cache-miss
31 silly fetch manifest clipboardy@3.0.0
32 silly packumentCache full:https://registry.npmmirror.com/clipboardy cache-miss
33 silly fetch manifest compression@1.8.1
34 silly packumentCache full:https://registry.npmmirror.com/compression cache-miss
35 silly fetch manifest is-port-reachable@4.0.0
36 silly packumentCache full:https://registry.npmmirror.com/is-port-reachable cache-miss
37 silly fetch manifest serve-handler@6.1.7
38 silly packumentCache full:https://registry.npmmirror.com/serve-handler cache-miss
39 silly fetch manifest update-check@1.5.4
40 silly packumentCache full:https://registry.npmmirror.com/update-check cache-miss
41 http fetch GET 200 https://registry.npmmirror.com/@zeit%2fschemas 213ms (cache miss)
42 silly packumentCache full:https://registry.npmmirror.com/@zeit%2fschemas set size:39355 disposed:false
43 http fetch GET 200 https://registry.npmmirror.com/ajv 264ms (cache miss)
44 silly packumentCache full:https://registry.npmmirror.com/ajv set size:129790 disposed:false
45 http fetch GET 200 https://registry.npmmirror.com/arg 269ms (cache miss)
46 silly packumentCache full:https://registry.npmmirror.com/arg set size:13581 disposed:false
47 http fetch GET 200 https://registry.npmmirror.com/boxen 291ms (cache miss)
48 silly packumentCache full:https://registry.npmmirror.com/boxen set size:17829 disposed:false
49 http fetch GET 200 https://registry.npmmirror.com/is-port-reachable 291ms (cache miss)
50 silly packumentCache full:https://registry.npmmirror.com/is-port-reachable set size:3068 disposed:false
51 http fetch GET 200 https://registry.npmmirror.com/chalk-template 293ms (cache miss)
52 silly packumentCache full:https://registry.npmmirror.com/chalk-template set size:9027 disposed:false
53 http fetch GET 200 https://registry.npmmirror.com/compression 294ms (cache miss)
54 silly packumentCache full:https://registry.npmmirror.com/compression set size:17815 disposed:false
55 http fetch GET 200 https://registry.npmmirror.com/chalk 300ms (cache miss)
56 silly packumentCache full:https://registry.npmmirror.com/chalk set size:24910 disposed:false
57 http fetch GET 200 https://registry.npmmirror.com/serve-handler 326ms (cache miss)
58 silly packumentCache full:https://registry.npmmirror.com/serve-handler set size:34689 disposed:false
59 http fetch GET 200 https://registry.npmmirror.com/clipboardy 335ms (cache miss)
60 silly packumentCache full:https://registry.npmmirror.com/clipboardy set size:16538 disposed:false
61 http fetch GET 200 https://registry.npmmirror.com/update-check 335ms (cache miss)
62 silly packumentCache full:https://registry.npmmirror.com/update-check set size:5174 disposed:false
63 silly placeDep node_modules/serve @zeit/schemas@2.36.0 OK for: serve@14.2.6 want: 2.36.0
64 silly placeDep node_modules/serve ajv@8.18.0 OK for: serve@14.2.6 want: 8.18.0
65 silly placeDep node_modules/serve arg@5.0.2 OK for: serve@14.2.6 want: 5.0.2
66 silly placeDep node_modules/serve boxen@7.0.0 OK for: serve@14.2.6 want: 7.0.0
67 silly placeDep node_modules/serve chalk@5.0.1 OK for: serve@14.2.6 want: 5.0.1
68 silly placeDep node_modules/serve chalk-template@0.4.0 OK for: serve@14.2.6 want: 0.4.0
69 silly placeDep node_modules/serve clipboardy@3.0.0 OK for: serve@14.2.6 want: 3.0.0
70 silly placeDep node_modules/serve compression@1.8.1 OK for: serve@14.2.6 want: 1.8.1
71 silly placeDep node_modules/serve is-port-reachable@4.0.0 OK for: serve@14.2.6 want: 4.0.0
72 silly placeDep node_modules/serve serve-handler@6.1.7 OK for: serve@14.2.6 want: 6.1.7
73 silly placeDep node_modules/serve update-check@1.5.4 OK for: serve@14.2.6 want: 1.5.4
74 silly fetch manifest fast-deep-equal@^3.1.3
75 silly packumentCache full:https://registry.npmmirror.com/fast-deep-equal cache-miss
76 silly fetch manifest fast-uri@^3.0.1
77 silly packumentCache full:https://registry.npmmirror.com/fast-uri cache-miss
78 silly fetch manifest json-schema-traverse@^1.0.0
79 silly packumentCache full:https://registry.npmmirror.com/json-schema-traverse cache-miss
80 silly fetch manifest require-from-string@^2.0.2
81 silly packumentCache full:https://registry.npmmirror.com/require-from-string cache-miss
82 silly fetch manifest ansi-align@^3.0.1
83 silly packumentCache full:https://registry.npmmirror.com/ansi-align cache-miss
84 silly fetch manifest camelcase@^7.0.0
85 silly packumentCache full:https://registry.npmmirror.com/camelcase cache-miss
86 silly fetch manifest chalk@^5.0.1
87 silly packumentCache full:https://registry.npmmirror.com/chalk cache-hit
88 silly fetch manifest cli-boxes@^3.0.0
89 silly packumentCache full:https://registry.npmmirror.com/cli-boxes cache-miss
90 silly fetch manifest string-width@^5.1.2
91 silly packumentCache full:https://registry.npmmirror.com/string-width cache-miss
92 silly fetch manifest type-fest@^2.13.0
93 silly packumentCache full:https://registry.npmmirror.com/type-fest cache-miss
94 silly fetch manifest widest-line@^4.0.1
95 silly packumentCache full:https://registry.npmmirror.com/widest-line cache-miss
96 silly fetch manifest wrap-ansi@^8.0.1
97 silly packumentCache full:https://registry.npmmirror.com/wrap-ansi cache-miss
98 silly fetch manifest chalk@^4.1.2
99 silly packumentCache full:https://registry.npmmirror.com/chalk cache-hit
100 silly fetch manifest arch@^2.2.0
101 silly packumentCache full:https://registry.npmmirror.com/arch cache-miss
102 silly fetch manifest execa@^5.1.1
103 silly packumentCache full:https://registry.npmmirror.com/execa cache-miss
104 silly fetch manifest is-wsl@^2.2.0
105 silly packumentCache full:https://registry.npmmirror.com/is-wsl cache-miss
106 silly fetch manifest bytes@3.1.2
107 silly packumentCache full:https://registry.npmmirror.com/bytes cache-miss
108 http fetch GET 200 https://registry.npmmirror.com/string-width 34ms (cache miss)
109 silly packumentCache full:https://registry.npmmirror.com/string-width set size:13877 disposed:false
110 silly fetch manifest compressible@~2.0.18
111 silly packumentCache full:https://registry.npmmirror.com/compressible cache-miss
112 http fetch GET 200 https://registry.npmmirror.com/json-schema-traverse 37ms (cache miss)
113 silly packumentCache full:https://registry.npmmirror.com/json-schema-traverse set size:4662 disposed:false
114 silly fetch manifest debug@2.6.9
115 silly packumentCache full:https://registry.npmmirror.com/debug cache-miss
116 http fetch GET 200 https://registry.npmmirror.com/ansi-align 38ms (cache miss)
117 silly packumentCache full:https://registry.npmmirror.com/ansi-align set size:3697 disposed:false
118 silly fetch manifest negotiator@~0.6.4
119 silly packumentCache full:https://registry.npmmirror.com/negotiator cache-miss
120 http fetch GET 200 https://registry.npmmirror.com/require-from-string 38ms (cache miss)
121 silly packumentCache full:https://registry.npmmirror.com/require-from-string set size:3441 disposed:false
122 silly fetch manifest on-headers@~1.1.0
123 silly packumentCache full:https://registry.npmmirror.com/on-headers cache-miss
124 http fetch GET 200 https://registry.npmmirror.com/fast-uri 82ms (cache miss)
125 silly packumentCache full:https://registry.npmmirror.com/fast-uri set size:18839 disposed:false
126 silly fetch manifest safe-buffer@5.2.1
127 silly packumentCache full:https://registry.npmmirror.com/safe-buffer cache-miss
128 http fetch GET 200 https://registry.npmmirror.com/cli-boxes 92ms (cache miss)
129 silly packumentCache full:https://registry.npmmirror.com/cli-boxes set size:3994 disposed:false
130 silly fetch manifest vary@~1.1.2
131 silly packumentCache full:https://registry.npmmirror.com/vary cache-miss
132 http fetch GET 200 https://registry.npmmirror.com/widest-line 96ms (cache miss)
133 silly packumentCache full:https://registry.npmmirror.com/widest-line set size:4232 disposed:false
134 silly fetch manifest bytes@3.0.0
135 silly packumentCache full:https://registry.npmmirror.com/bytes cache-miss
136 http fetch GET 200 https://registry.npmmirror.com/camelcase 98ms (cache miss)
137 silly packumentCache full:https://registry.npmmirror.com/camelcase set size:12780 disposed:false
138 silly fetch manifest content-disposition@0.5.2
139 silly packumentCache full:https://registry.npmmirror.com/content-disposition cache-miss
140 http fetch GET 200 https://registry.npmmirror.com/wrap-ansi 100ms (cache miss)
141 silly packumentCache full:https://registry.npmmirror.com/wrap-ansi set size:10443 disposed:false
142 silly fetch manifest mime-types@2.1.18
143 silly packumentCache full:https://registry.npmmirror.com/mime-types cache-miss
144 http fetch GET 200 https://registry.npmmirror.com/fast-deep-equal 104ms (cache miss)
145 silly packumentCache full:https://registry.npmmirror.com/fast-deep-equal set size:6487 disposed:false
146 silly fetch manifest minimatch@3.1.5
147 silly packumentCache full:https://registry.npmmirror.com/minimatch cache-miss
148 http fetch GET 200 https://registry.npmmirror.com/compressible 72ms (cache miss)
149 silly packumentCache full:https://registry.npmmirror.com/compressible set size:9671 disposed:false
150 silly fetch manifest path-is-inside@1.0.2
151 silly packumentCache full:https://registry.npmmirror.com/path-is-inside cache-miss
152 http fetch GET 200 https://registry.npmmirror.com/debug 74ms (cache miss)
153 silly packumentCache full:https://registry.npmmirror.com/debug set size:32036 disposed:false
154 silly fetch manifest path-to-regexp@3.3.0
155 silly packumentCache full:https://registry.npmmirror.com/path-to-regexp cache-miss
156 http fetch GET 200 https://registry.npmmirror.com/type-fest 127ms (cache miss)
157 silly packumentCache full:https://registry.npmmirror.com/type-fest set size:115922 disposed:false
158 silly fetch manifest range-parser@1.2.0
159 silly packumentCache full:https://registry.npmmirror.com/range-parser cache-miss
160 http fetch GET 200 https://registry.npmmirror.com/path-is-inside 36ms (cache miss)
161 silly packumentCache full:https://registry.npmmirror.com/path-is-inside set size:2364 disposed:false
162 silly fetch manifest registry-auth-token@3.3.2
163 silly packumentCache full:https://registry.npmmirror.com/registry-auth-token cache-miss
164 http fetch GET 200 https://registry.npmmirror.com/on-headers 122ms (cache miss)
165 silly packumentCache full:https://registry.npmmirror.com/on-headers set size:3855 disposed:false
166 silly fetch manifest registry-url@3.1.0
167 silly packumentCache full:https://registry.npmmirror.com/registry-url cache-miss
168 http fetch GET 200 https://registry.npmmirror.com/content-disposition 63ms (cache miss)
169 silly packumentCache full:https://registry.npmmirror.com/content-disposition set size:10563 disposed:false
170 http fetch GET 200 https://registry.npmmirror.com/negotiator 125ms (cache miss)
171 silly packumentCache full:https://registry.npmmirror.com/negotiator set size:10810 disposed:false
172 http fetch GET 200 https://registry.npmmirror.com/execa 170ms (cache miss)
173 silly packumentCache full:https://registry.npmmirror.com/execa set size:31751 disposed:false
174 http fetch GET 200 https://registry.npmmirror.com/path-to-regexp 64ms (cache miss)
175 silly packumentCache full:https://registry.npmmirror.com/path-to-regexp set size:29678 disposed:false
176 http fetch GET 200 https://registry.npmmirror.com/registry-auth-token 33ms (cache miss)
177 silly packumentCache full:https://registry.npmmirror.com/registry-auth-token set size:13273 disposed:false
178 http fetch GET 200 https://registry.npmmirror.com/safe-buffer 97ms (cache miss)
179 silly packumentCache full:https://registry.npmmirror.com/safe-buffer set size:11685 disposed:false
180 http fetch GET 200 https://registry.npmmirror.com/is-wsl 179ms (cache miss)
181 silly packumentCache full:https://registry.npmmirror.com/is-wsl set size:4176 disposed:false
182 http fetch GET 200 https://registry.npmmirror.com/minimatch 86ms (cache miss)
183 silly packumentCache full:https://registry.npmmirror.com/minimatch set size:97383 disposed:false
184 http fetch GET 200 https://registry.npmmirror.com/arch 195ms (cache miss)
185 silly packumentCache full:https://registry.npmmirror.com/arch set size:5436 disposed:false
186 http fetch GET 200 https://registry.npmmirror.com/registry-url 37ms (cache miss)
187 silly packumentCache full:https://registry.npmmirror.com/registry-url set size:7403 disposed:false
188 http fetch GET 200 https://registry.npmmirror.com/mime-types 97ms (cache miss)
189 silly packumentCache full:https://registry.npmmirror.com/mime-types set size:21367 disposed:false
190 http fetch GET 200 https://registry.npmmirror.com/bytes 208ms (cache miss)
191 silly packumentCache full:https://registry.npmmirror.com/bytes set size:9014 disposed:false
192 http fetch GET 200 https://registry.npmmirror.com/vary 118ms (cache miss)
193 silly packumentCache full:https://registry.npmmirror.com/vary set size:4180 disposed:false
194 http fetch GET 200 https://registry.npmmirror.com/bytes 115ms (cache miss)
195 silly packumentCache full:https://registry.npmmirror.com/bytes set size:9014 disposed:false
196 silly packumentCache full:https://registry.npmmirror.com/bytes dispose
197 http fetch GET 200 https://registry.npmmirror.com/range-parser 99ms (cache miss)
198 silly packumentCache full:https://registry.npmmirror.com/range-parser set size:5927 disposed:false
199 silly placeDep node_modules/serve fast-deep-equal@3.1.3 OK for: ajv@8.18.0 want: ^3.1.3
200 silly placeDep node_modules/serve fast-uri@3.1.3 OK for: ajv@8.18.0 want: ^3.0.1
201 silly placeDep node_modules/serve json-schema-traverse@1.0.0 OK for: ajv@8.18.0 want: ^1.0.0
202 silly placeDep node_modules/serve require-from-string@2.0.2 OK for: ajv@8.18.0 want: ^2.0.2
203 silly placeDep node_modules/serve ansi-align@3.0.1 OK for: boxen@7.0.0 want: ^3.0.1
204 silly placeDep node_modules/serve camelcase@7.0.1 OK for: boxen@7.0.0 want: ^7.0.0
205 silly placeDep node_modules/serve cli-boxes@3.0.0 OK for: boxen@7.0.0 want: ^3.0.0
206 silly placeDep node_modules/serve string-width@5.1.2 OK for: boxen@7.0.0 want: ^5.1.2
207 silly placeDep node_modules/serve type-fest@2.19.0 OK for: boxen@7.0.0 want: ^2.13.0
208 silly placeDep node_modules/serve widest-line@4.0.1 OK for: boxen@7.0.0 want: ^4.0.1
209 silly placeDep node_modules/serve wrap-ansi@8.1.0 OK for: boxen@7.0.0 want: ^8.0.1
210 silly fetch manifest string-width@^4.1.0
211 silly packumentCache full:https://registry.npmmirror.com/string-width cache-hit
212 silly fetch manifest eastasianwidth@^0.2.0
213 silly packumentCache full:https://registry.npmmirror.com/eastasianwidth cache-miss
214 silly fetch manifest emoji-regex@^9.2.2
215 silly packumentCache full:https://registry.npmmirror.com/emoji-regex cache-miss
216 silly fetch manifest strip-ansi@^7.0.1
217 silly packumentCache full:https://registry.npmmirror.com/strip-ansi cache-miss
218 silly fetch manifest ansi-styles@^6.1.0
219 silly packumentCache full:https://registry.npmmirror.com/ansi-styles cache-miss
220 silly fetch manifest strip-ansi@^7.0.1
221 silly packumentCache full:https://registry.npmmirror.com/strip-ansi cache-miss
222 http fetch GET 200 https://registry.npmmirror.com/strip-ansi 26ms (cache miss)
223 silly packumentCache full:https://registry.npmmirror.com/strip-ansi set size:8259 disposed:false
224 http fetch GET 200 https://registry.npmmirror.com/strip-ansi 25ms (cache miss)
225 silly packumentCache full:https://registry.npmmirror.com/strip-ansi set size:8259 disposed:false
226 silly packumentCache full:https://registry.npmmirror.com/strip-ansi dispose
227 http fetch GET 200 https://registry.npmmirror.com/ansi-styles 28ms (cache miss)
228 silly packumentCache full:https://registry.npmmirror.com/ansi-styles set size:13769 disposed:false
229 http fetch GET 200 https://registry.npmmirror.com/emoji-regex 35ms (cache miss)
230 silly packumentCache full:https://registry.npmmirror.com/emoji-regex set size:17651 disposed:false
231 http fetch GET 200 https://registry.npmmirror.com/eastasianwidth 74ms (cache miss)
232 silly packumentCache full:https://registry.npmmirror.com/eastasianwidth set size:2598 disposed:false
233 silly placeDep node_modules/serve/node_modules/ansi-align string-width@4.2.3 OK for: ansi-align@3.0.1 want: ^4.1.0
234 silly fetch manifest emoji-regex@^8.0.0
235 silly packumentCache full:https://registry.npmmirror.com/emoji-regex cache-hit
236 silly fetch manifest is-fullwidth-code-point@^3.0.0
237 silly packumentCache full:https://registry.npmmirror.com/is-fullwidth-code-point cache-miss
238 silly fetch manifest strip-ansi@^6.0.1
239 silly packumentCache full:https://registry.npmmirror.com/strip-ansi cache-hit
240 http fetch GET 200 https://registry.npmmirror.com/is-fullwidth-code-point 23ms (cache miss)
241 silly packumentCache full:https://registry.npmmirror.com/is-fullwidth-code-point set size:3385 disposed:false
242 silly placeDep node_modules/serve/node_modules/chalk-template chalk@4.1.2 OK for: chalk-template@0.4.0 want: ^4.1.2
243 silly fetch manifest ansi-styles@^4.1.0
244 silly packumentCache full:https://registry.npmmirror.com/ansi-styles cache-hit
245 silly fetch manifest supports-color@^7.1.0
246 silly packumentCache full:https://registry.npmmirror.com/supports-color cache-miss
247 http fetch GET 200 https://registry.npmmirror.com/supports-color 135ms (cache miss)
248 silly packumentCache full:https://registry.npmmirror.com/supports-color set size:23036 disposed:false
249 silly placeDep node_modules/serve arch@2.2.0 OK for: clipboardy@3.0.0 want: ^2.2.0
250 silly placeDep node_modules/serve execa@5.1.1 OK for: clipboardy@3.0.0 want: ^5.1.1
251 silly placeDep node_modules/serve is-wsl@2.2.0 OK for: clipboardy@3.0.0 want: ^2.2.0
252 silly fetch manifest cross-spawn@^7.0.3
253 silly packumentCache full:https://registry.npmmirror.com/cross-spawn cache-miss
254 silly fetch manifest get-stream@^6.0.0
255 silly packumentCache full:https://registry.npmmirror.com/get-stream cache-miss
256 silly fetch manifest human-signals@^2.1.0
257 silly packumentCache full:https://registry.npmmirror.com/human-signals cache-miss
258 silly fetch manifest is-stream@^2.0.0
259 silly packumentCache full:https://registry.npmmirror.com/is-stream cache-miss
260 silly fetch manifest merge-stream@^2.0.0
261 silly packumentCache full:https://registry.npmmirror.com/merge-stream cache-miss
262 silly fetch manifest npm-run-path@^4.0.1
263 silly packumentCache full:https://registry.npmmirror.com/npm-run-path cache-miss
264 silly fetch manifest onetime@^5.1.2
265 silly packumentCache full:https://registry.npmmirror.com/onetime cache-miss
266 silly fetch manifest signal-exit@^3.0.3
267 silly packumentCache full:https://registry.npmmirror.com/signal-exit cache-miss
268 silly fetch manifest strip-final-newline@^2.0.0
269 silly packumentCache full:https://registry.npmmirror.com/strip-final-newline cache-miss
270 silly fetch manifest is-docker@^2.0.0
271 silly packumentCache full:https://registry.npmmirror.com/is-docker cache-miss
272 http fetch GET 200 https://registry.npmmirror.com/is-docker 35ms (cache miss)
273 silly packumentCache full:https://registry.npmmirror.com/is-docker set size:4173 disposed:false
274 http fetch GET 200 https://registry.npmmirror.com/strip-final-newline 38ms (cache miss)
275 silly packumentCache full:https://registry.npmmirror.com/strip-final-newline set size:2568 disposed:false
276 http fetch GET 200 https://registry.npmmirror.com/npm-run-path 39ms (cache miss)
277 silly packumentCache full:https://registry.npmmirror.com/npm-run-path set size:7005 disposed:false
278 http fetch GET 200 https://registry.npmmirror.com/onetime 40ms (cache miss)
279 silly packumentCache full:https://registry.npmmirror.com/onetime set size:6018 disposed:false
280 http fetch GET 200 https://registry.npmmirror.com/signal-exit 40ms (cache miss)
281 silly packumentCache full:https://registry.npmmirror.com/signal-exit set size:12845 disposed:false
282 http fetch GET 200 https://registry.npmmirror.com/get-stream 42ms (cache miss)
283 silly packumentCache full:https://registry.npmmirror.com/get-stream set size:11935 disposed:false
284 http fetch GET 200 https://registry.npmmirror.com/is-stream 41ms (cache miss)
285 silly packumentCache full:https://registry.npmmirror.com/is-stream set size:4048 disposed:false
286 http fetch GET 200 https://registry.npmmirror.com/cross-spawn 43ms (cache miss)
287 silly packumentCache full:https://registry.npmmirror.com/cross-spawn set size:19398 disposed:false
288 http fetch GET 200 https://registry.npmmirror.com/merge-stream 43ms (cache miss)
289 silly packumentCache full:https://registry.npmmirror.com/merge-stream set size:4859 disposed:false
290 http fetch GET 200 https://registry.npmmirror.com/human-signals 212ms (cache miss)
291 silly packumentCache full:https://registry.npmmirror.com/human-signals set size:12531 disposed:false
292 silly placeDep node_modules/serve bytes@3.1.2 OK for: compression@1.8.1 want: 3.1.2
293 silly placeDep node_modules/serve compressible@2.0.18 OK for: compression@1.8.1 want: ~2.0.18
294 silly placeDep node_modules/serve debug@2.6.9 OK for: compression@1.8.1 want: 2.6.9
295 silly placeDep node_modules/serve negotiator@0.6.4 OK for: compression@1.8.1 want: ~0.6.4
296 silly placeDep node_modules/serve on-headers@1.1.0 OK for: compression@1.8.1 want: ~1.1.0
297 silly placeDep node_modules/serve safe-buffer@5.2.1 OK for: compression@1.8.1 want: 5.2.1
298 silly placeDep node_modules/serve vary@1.1.2 OK for: compression@1.8.1 want: ~1.1.2
299 silly fetch manifest mime-db@>= 1.43.0 < 2
300 silly packumentCache full:https://registry.npmmirror.com/mime-db cache-miss
301 silly fetch manifest ms@2.0.0
302 silly packumentCache full:https://registry.npmmirror.com/ms cache-miss
303 http fetch GET 200 https://registry.npmmirror.com/mime-db 24ms (cache miss)
304 silly packumentCache full:https://registry.npmmirror.com/mime-db set size:24206 disposed:false
305 http fetch GET 200 https://registry.npmmirror.com/ms 26ms (cache miss)
306 silly packumentCache full:https://registry.npmmirror.com/ms set size:15985 disposed:false
307 silly placeDep node_modules/serve mime-db@1.54.0 OK for: compressible@2.0.18 want: >= 1.43.0 < 2
308 silly placeDep node_modules/serve ms@2.0.0 OK for: debug@2.6.9 want: 2.0.0
309 silly placeDep node_modules/serve cross-spawn@7.0.6 OK for: execa@5.1.1 want: ^7.0.3
310 silly placeDep node_modules/serve get-stream@6.0.1 OK for: execa@5.1.1 want: ^6.0.0
311 silly placeDep node_modules/serve human-signals@2.1.0 OK for: execa@5.1.1 want: ^2.1.0
312 silly placeDep node_modules/serve is-stream@2.0.1 OK for: execa@5.1.1 want: ^2.0.0
313 silly placeDep node_modules/serve merge-stream@2.0.0 OK for: execa@5.1.1 want: ^2.0.0
314 silly placeDep node_modules/serve npm-run-path@4.0.1 OK for: execa@5.1.1 want: ^4.0.1
315 silly placeDep node_modules/serve onetime@5.1.2 OK for: execa@5.1.1 want: ^5.1.2
316 silly placeDep node_modules/serve signal-exit@3.0.7 OK for: execa@5.1.1 want: ^3.0.3
317 silly placeDep node_modules/serve strip-final-newline@2.0.0 OK for: execa@5.1.1 want: ^2.0.0
318 silly fetch manifest path-key@^3.1.0
319 silly packumentCache full:https://registry.npmmirror.com/path-key cache-miss
320 silly fetch manifest shebang-command@^2.0.0
321 silly packumentCache full:https://registry.npmmirror.com/shebang-command cache-miss
322 silly fetch manifest which@^2.0.1
323 silly packumentCache full:https://registry.npmmirror.com/which cache-miss
324 silly fetch manifest path-key@^3.0.0
325 silly packumentCache full:https://registry.npmmirror.com/path-key cache-miss
326 silly fetch manifest mimic-fn@^2.1.0
327 silly packumentCache full:https://registry.npmmirror.com/mimic-fn cache-miss
328 http fetch GET 200 https://registry.npmmirror.com/path-key 30ms (cache miss)
329 silly packumentCache full:https://registry.npmmirror.com/path-key set size:3439 disposed:false
330 http fetch GET 200 https://registry.npmmirror.com/mimic-fn 31ms (cache miss)
331 silly packumentCache full:https://registry.npmmirror.com/mimic-fn set size:4665 disposed:false
332 http fetch GET 200 https://registry.npmmirror.com/path-key 31ms (cache miss)
333 silly packumentCache full:https://registry.npmmirror.com/path-key set size:3439 disposed:false
334 silly packumentCache full:https://registry.npmmirror.com/path-key dispose
335 http fetch GET 200 https://registry.npmmirror.com/shebang-command 32ms (cache miss)
336 silly packumentCache full:https://registry.npmmirror.com/shebang-command set size:2106 disposed:false
337 http fetch GET 200 https://registry.npmmirror.com/which 33ms (cache miss)
338 silly packumentCache full:https://registry.npmmirror.com/which set size:14745 disposed:false
339 silly placeDep node_modules/serve path-key@3.1.1 OK for: cross-spawn@7.0.6 want: ^3.1.0
340 silly placeDep node_modules/serve shebang-command@2.0.0 OK for: cross-spawn@7.0.6 want: ^2.0.0
341 silly placeDep node_modules/serve which@2.0.2 OK for: cross-spawn@7.0.6 want: ^2.0.1
342 silly fetch manifest shebang-regex@^3.0.0
343 silly packumentCache full:https://registry.npmmirror.com/shebang-regex cache-miss
344 silly fetch manifest isexe@^2.0.0
345 silly packumentCache full:https://registry.npmmirror.com/isexe cache-miss
346 http fetch GET 200 https://registry.npmmirror.com/shebang-regex 22ms (cache miss)
347 silly packumentCache full:https://registry.npmmirror.com/shebang-regex set size:2417 disposed:false
348 http fetch GET 200 https://registry.npmmirror.com/isexe 22ms (cache miss)
349 silly packumentCache full:https://registry.npmmirror.com/isexe set size:7230 disposed:false
350 silly placeDep node_modules/serve is-docker@2.2.1 OK for: is-wsl@2.2.0 want: ^2.0.0
351 silly placeDep node_modules/serve mimic-fn@2.1.0 OK for: onetime@5.1.2 want: ^2.1.0
352 silly placeDep node_modules/serve/node_modules/serve-handler bytes@3.0.0 OK for: serve-handler@6.1.7 want: 3.0.0
353 silly placeDep node_modules/serve content-disposition@0.5.2 OK for: serve-handler@6.1.7 want: 0.5.2
354 silly placeDep node_modules/serve mime-types@2.1.18 OK for: serve-handler@6.1.7 want: 2.1.18
355 silly placeDep node_modules/serve minimatch@3.1.5 OK for: serve-handler@6.1.7 want: 3.1.5
356 silly placeDep node_modules/serve path-is-inside@1.0.2 OK for: serve-handler@6.1.7 want: 1.0.2
357 silly placeDep node_modules/serve path-to-regexp@3.3.0 OK for: serve-handler@6.1.7 want: 3.3.0
358 silly placeDep node_modules/serve range-parser@1.2.0 OK for: serve-handler@6.1.7 want: 1.2.0
359 silly fetch manifest mime-db@~1.33.0
360 silly packumentCache full:https://registry.npmmirror.com/mime-db cache-hit
361 silly fetch manifest brace-expansion@^1.1.7
362 silly packumentCache full:https://registry.npmmirror.com/brace-expansion cache-miss
363 http fetch GET 200 https://registry.npmmirror.com/brace-expansion 20ms (cache miss)
364 silly packumentCache full:https://registry.npmmirror.com/brace-expansion set size:15336 disposed:false
365 silly placeDep node_modules/serve/node_modules/mime-types mime-db@1.33.0 OK for: mime-types@2.1.18 want: ~1.33.0
366 silly placeDep node_modules/serve brace-expansion@1.1.16 OK for: minimatch@3.1.5 want: ^1.1.7
367 silly fetch manifest balanced-match@^1.0.0
368 silly packumentCache full:https://registry.npmmirror.com/balanced-match cache-miss
369 silly fetch manifest concat-map@0.0.1
370 silly packumentCache full:https://registry.npmmirror.com/concat-map cache-miss
371 http fetch GET 200 https://registry.npmmirror.com/balanced-match 19ms (cache miss)
372 silly packumentCache full:https://registry.npmmirror.com/balanced-match set size:7522 disposed:false
373 http fetch GET 200 https://registry.npmmirror.com/concat-map 20ms (cache miss)
374 silly packumentCache full:https://registry.npmmirror.com/concat-map set size:3991 disposed:false
375 silly placeDep node_modules/serve balanced-match@1.0.2 OK for: brace-expansion@1.1.16 want: ^1.0.0
376 silly placeDep node_modules/serve concat-map@0.0.1 OK for: brace-expansion@1.1.16 want: 0.0.1
377 silly placeDep node_modules/serve shebang-regex@3.0.0 OK for: shebang-command@2.0.0 want: ^3.0.0
378 silly placeDep node_modules/serve eastasianwidth@0.2.0 OK for: string-width@5.1.2 want: ^0.2.0
379 silly placeDep node_modules/serve emoji-regex@9.2.2 OK for: string-width@5.1.2 want: ^9.2.2
380 silly placeDep node_modules/serve strip-ansi@7.2.0 OK for: string-width@5.1.2 want: ^7.0.1
381 silly fetch manifest ansi-regex@^6.2.2
382 silly packumentCache full:https://registry.npmmirror.com/ansi-regex cache-miss
383 http fetch GET 200 https://registry.npmmirror.com/ansi-regex 25ms (cache miss)
384 silly packumentCache full:https://registry.npmmirror.com/ansi-regex set size:9857 disposed:false
385 silly placeDep node_modules/serve ansi-regex@6.2.2 OK for: strip-ansi@7.2.0 want: ^6.2.2
386 silly placeDep node_modules/serve registry-auth-token@3.3.2 OK for: update-check@1.5.4 want: 3.3.2
387 silly placeDep node_modules/serve registry-url@3.1.0 OK for: update-check@1.5.4 want: 3.1.0
388 silly fetch manifest rc@^1.1.6
389 silly packumentCache full:https://registry.npmmirror.com/rc cache-miss
390 silly fetch manifest rc@^1.0.1
391 silly packumentCache full:https://registry.npmmirror.com/rc cache-miss
392 http fetch GET 200 https://registry.npmmirror.com/rc 38ms (cache miss)
393 silly packumentCache full:https://registry.npmmirror.com/rc set size:15256 disposed:false
394 http fetch GET 200 https://registry.npmmirror.com/rc 40ms (cache miss)
395 silly packumentCache full:https://registry.npmmirror.com/rc set size:15256 disposed:false
396 silly packumentCache full:https://registry.npmmirror.com/rc dispose
397 silly placeDep node_modules/serve rc@1.2.8 OK for: registry-auth-token@3.3.2 want: ^1.1.6
398 silly fetch manifest deep-extend@^0.6.0
399 silly packumentCache full:https://registry.npmmirror.com/deep-extend cache-miss
400 silly fetch manifest ini@~1.3.0
401 silly packumentCache full:https://registry.npmmirror.com/ini cache-miss
402 silly fetch manifest minimist@^1.2.0
403 silly packumentCache full:https://registry.npmmirror.com/minimist cache-miss
404 silly fetch manifest strip-json-comments@~2.0.1
405 silly packumentCache full:https://registry.npmmirror.com/strip-json-comments cache-miss
406 http fetch GET 200 https://registry.npmmirror.com/deep-extend 23ms (cache miss)
407 silly packumentCache full:https://registry.npmmirror.com/deep-extend set size:6307 disposed:false
408 http fetch GET 200 https://registry.npmmirror.com/strip-json-comments 23ms (cache miss)
409 silly packumentCache full:https://registry.npmmirror.com/strip-json-comments set size:8266 disposed:false
410 http fetch GET 200 https://registry.npmmirror.com/minimist 27ms (cache miss)
411 silly packumentCache full:https://registry.npmmirror.com/minimist set size:15089 disposed:false
412 http fetch GET 200 https://registry.npmmirror.com/ini 28ms (cache miss)
413 silly packumentCache full:https://registry.npmmirror.com/ini set size:14523 disposed:false
414 silly placeDep node_modules/serve deep-extend@0.6.0 OK for: rc@1.2.8 want: ^0.6.0
415 silly placeDep node_modules/serve ini@1.3.8 OK for: rc@1.2.8 want: ~1.3.0
416 silly placeDep node_modules/serve minimist@1.2.8 OK for: rc@1.2.8 want: ^1.2.0
417 silly placeDep node_modules/serve strip-json-comments@2.0.1 OK for: rc@1.2.8 want: ~2.0.1
418 silly placeDep node_modules/serve isexe@2.0.0 OK for: which@2.0.2 want: ^2.0.0
419 silly placeDep node_modules/serve ansi-styles@6.2.3 OK for: wrap-ansi@8.1.0 want: ^6.1.0
420 silly placeDep node_modules/serve/node_modules/ansi-align emoji-regex@8.0.0 OK for: string-width@4.2.3 want: ^8.0.0
421 silly placeDep node_modules/serve is-fullwidth-code-point@3.0.0 OK for: string-width@4.2.3 want: ^3.0.0
422 silly placeDep node_modules/serve/node_modules/ansi-align strip-ansi@6.0.1 OK for: string-width@4.2.3 want: ^6.0.1
423 silly fetch manifest ansi-regex@^5.0.1
424 silly packumentCache full:https://registry.npmmirror.com/ansi-regex cache-hit
425 silly placeDep node_modules/serve/node_modules/ansi-align ansi-regex@5.0.1 OK for: strip-ansi@6.0.1 want: ^5.0.1
426 silly placeDep node_modules/serve/node_modules/chalk-template ansi-styles@4.3.0 OK for: chalk@4.1.2 want: ^4.1.0
427 silly placeDep node_modules/serve supports-color@7.2.0 OK for: chalk@4.1.2 want: ^7.1.0
428 silly fetch manifest color-convert@^2.0.1
429 silly packumentCache full:https://registry.npmmirror.com/color-convert cache-miss
430 silly fetch manifest has-flag@^4.0.0
431 silly packumentCache full:https://registry.npmmirror.com/has-flag cache-miss
432 http fetch GET 200 https://registry.npmmirror.com/color-convert 26ms (cache miss)
433 silly packumentCache full:https://registry.npmmirror.com/color-convert set size:13807 disposed:false
434 http fetch GET 200 https://registry.npmmirror.com/has-flag 38ms (cache miss)
435 silly packumentCache full:https://registry.npmmirror.com/has-flag set size:3321 disposed:false
436 silly placeDep node_modules/serve has-flag@4.0.0 OK for: supports-color@7.2.0 want: ^4.0.0
437 silly placeDep node_modules/serve color-convert@2.0.1 OK for: ansi-styles@4.3.0 want: ^2.0.1
438 silly fetch manifest color-name@~1.1.4
439 silly packumentCache full:https://registry.npmmirror.com/color-name cache-miss
440 http fetch GET 200 https://registry.npmmirror.com/color-name 24ms (cache miss)
441 silly packumentCache full:https://registry.npmmirror.com/color-name set size:5269 disposed:false
442 silly placeDep node_modules/serve color-name@1.1.4 OK for: color-convert@2.0.1 want: ~1.1.4
443 silly reify moves {}
444 http cache color-name@https://registry.npmmirror.com/color-name/-/color-name-1.1.4.tgz 0ms (cache hit)
445 http cache serve@https://registry.npmmirror.com/serve/-/serve-14.2.6.tgz 0ms (cache hit)
446 http cache color-convert@https://registry.npmmirror.com/color-convert/-/color-convert-2.0.1.tgz 0ms (cache hit)
447 http cache has-flag@https://registry.npmmirror.com/has-flag/-/has-flag-4.0.0.tgz 0ms (cache hit)
448 http cache supports-color@https://registry.npmmirror.com/supports-color/-/supports-color-7.2.0.tgz 0ms (cache hit)
449 http cache isexe@https://registry.npmmirror.com/isexe/-/isexe-2.0.0.tgz 0ms (cache hit)
450 http cache is-fullwidth-code-point@https://registry.npmmirror.com/is-fullwidth-code-point/-/is-fullwidth-code-point-3.0.0.tgz 0ms (cache hit)
451 http cache ansi-styles@https://registry.npmmirror.com/ansi-styles/-/ansi-styles-6.2.3.tgz 0ms (cache hit)
452 http cache strip-json-comments@https://registry.npmmirror.com/strip-json-comments/-/strip-json-comments-2.0.1.tgz 0ms (cache hit)
453 http cache ini@https://registry.npmmirror.com/ini/-/ini-1.3.8.tgz 0ms (cache hit)
454 http cache minimist@https://registry.npmmirror.com/minimist/-/minimist-1.2.8.tgz 0ms (cache hit)
455 http cache rc@https://registry.npmmirror.com/rc/-/rc-1.2.8.tgz 0ms (cache hit)
456 http cache deep-extend@https://registry.npmmirror.com/deep-extend/-/deep-extend-0.6.0.tgz 0ms (cache hit)
457 http cache registry-url@https://registry.npmmirror.com/registry-url/-/registry-url-3.1.0.tgz 0ms (cache hit)
458 http cache ansi-regex@https://registry.npmmirror.com/ansi-regex/-/ansi-regex-6.2.2.tgz 0ms (cache hit)
459 http cache strip-ansi@https://registry.npmmirror.com/strip-ansi/-/strip-ansi-7.2.0.tgz 0ms (cache hit)
460 http cache emoji-regex@https://registry.npmmirror.com/emoji-regex/-/emoji-regex-9.2.2.tgz 0ms (cache hit)
461 http cache registry-auth-token@https://registry.npmmirror.com/registry-auth-token/-/registry-auth-token-3.3.2.tgz 0ms (cache hit)
462 http cache eastasianwidth@https://registry.npmmirror.com/eastasianwidth/-/eastasianwidth-0.2.0.tgz 0ms (cache hit)
463 http cache shebang-regex@https://registry.npmmirror.com/shebang-regex/-/shebang-regex-3.0.0.tgz 0ms (cache hit)
464 http cache concat-map@https://registry.npmmirror.com/concat-map/-/concat-map-0.0.1.tgz 0ms (cache hit)
465 http cache brace-expansion@https://registry.npmmirror.com/brace-expansion/-/brace-expansion-1.1.16.tgz 0ms (cache hit)
466 http cache balanced-match@https://registry.npmmirror.com/balanced-match/-/balanced-match-1.0.2.tgz 0ms (cache hit)
467 http cache range-parser@https://registry.npmmirror.com/range-parser/-/range-parser-1.2.0.tgz 0ms (cache hit)
468 http cache path-is-inside@https://registry.npmmirror.com/path-is-inside/-/path-is-inside-1.0.2.tgz 0ms (cache hit)
469 http cache path-to-regexp@https://registry.npmmirror.com/path-to-regexp/-/path-to-regexp-3.3.0.tgz 0ms (cache hit)
470 http cache minimatch@https://registry.npmmirror.com/minimatch/-/minimatch-3.1.5.tgz 0ms (cache hit)
471 http cache mime-types@https://registry.npmmirror.com/mime-types/-/mime-types-2.1.18.tgz 0ms (cache hit)
472 http cache mime-db@https://registry.npmmirror.com/mime-db/-/mime-db-1.33.0.tgz 0ms (cache hit)
473 http cache is-docker@https://registry.npmmirror.com/is-docker/-/is-docker-2.2.1.tgz 0ms (cache hit)
474 http cache mimic-fn@https://registry.npmmirror.com/mimic-fn/-/mimic-fn-2.1.0.tgz 0ms (cache hit)
475 http cache which@https://registry.npmmirror.com/which/-/which-2.0.2.tgz 0ms (cache hit)
476 http cache content-disposition@https://registry.npmmirror.com/content-disposition/-/content-disposition-0.5.2.tgz 0ms (cache hit)
477 http cache shebang-command@https://registry.npmmirror.com/shebang-command/-/shebang-command-2.0.0.tgz 0ms (cache hit)
478 http cache signal-exit@https://registry.npmmirror.com/signal-exit/-/signal-exit-3.0.7.tgz 0ms (cache hit)
479 http cache strip-final-newline@https://registry.npmmirror.com/strip-final-newline/-/strip-final-newline-2.0.0.tgz 0ms (cache hit)
480 http cache path-key@https://registry.npmmirror.com/path-key/-/path-key-3.1.1.tgz 0ms (cache hit)
481 http cache onetime@https://registry.npmmirror.com/onetime/-/onetime-5.1.2.tgz 0ms (cache hit)
482 http cache merge-stream@https://registry.npmmirror.com/merge-stream/-/merge-stream-2.0.0.tgz 0ms (cache hit)
483 http cache human-signals@https://registry.npmmirror.com/human-signals/-/human-signals-2.1.0.tgz 0ms (cache hit)
484 http cache get-stream@https://registry.npmmirror.com/get-stream/-/get-stream-6.0.1.tgz 0ms (cache hit)
485 http cache is-stream@https://registry.npmmirror.com/is-stream/-/is-stream-2.0.1.tgz 0ms (cache hit)
486 http cache npm-run-path@https://registry.npmmirror.com/npm-run-path/-/npm-run-path-4.0.1.tgz 0ms (cache hit)
487 http cache ms@https://registry.npmmirror.com/ms/-/ms-2.0.0.tgz 0ms (cache hit)
488 http cache vary@https://registry.npmmirror.com/vary/-/vary-1.1.2.tgz 0ms (cache hit)
489 http cache safe-buffer@https://registry.npmmirror.com/safe-buffer/-/safe-buffer-5.2.1.tgz 0ms (cache hit)
490 http cache cross-spawn@https://registry.npmmirror.com/cross-spawn/-/cross-spawn-7.0.6.tgz 0ms (cache hit)
491 http cache negotiator@https://registry.npmmirror.com/negotiator/-/negotiator-0.6.4.tgz 0ms (cache hit)
492 http cache debug@https://registry.npmmirror.com/debug/-/debug-2.6.9.tgz 0ms (cache hit)
493 http cache on-headers@https://registry.npmmirror.com/on-headers/-/on-headers-1.1.0.tgz 0ms (cache hit)
494 http cache bytes@https://registry.npmmirror.com/bytes/-/bytes-3.1.2.tgz 0ms (cache hit)
495 http cache compressible@https://registry.npmmirror.com/compressible/-/compressible-2.0.18.tgz 0ms (cache hit)
496 http cache execa@https://registry.npmmirror.com/execa/-/execa-5.1.1.tgz 0ms (cache hit)
497 http cache is-wsl@https://registry.npmmirror.com/is-wsl/-/is-wsl-2.2.0.tgz 0ms (cache hit)
498 http cache mime-db@https://registry.npmmirror.com/mime-db/-/mime-db-1.54.0.tgz 0ms (cache hit)
499 http cache arch@https://registry.npmmirror.com/arch/-/arch-2.2.0.tgz 0ms (cache hit)
500 http cache wrap-ansi@https://registry.npmmirror.com/wrap-ansi/-/wrap-ansi-8.1.0.tgz 0ms (cache hit)
501 http cache widest-line@https://registry.npmmirror.com/widest-line/-/widest-line-4.0.1.tgz 0ms (cache hit)
502 http cache type-fest@https://registry.npmmirror.com/type-fest/-/type-fest-2.19.0.tgz 0ms (cache hit)
503 http cache camelcase@https://registry.npmmirror.com/camelcase/-/camelcase-7.0.1.tgz 0ms (cache hit)
504 http cache ansi-regex@https://registry.npmmirror.com/ansi-regex/-/ansi-regex-5.0.1.tgz 0ms (cache hit)
505 http cache cli-boxes@https://registry.npmmirror.com/cli-boxes/-/cli-boxes-3.0.0.tgz 0ms (cache hit)
506 http cache ansi-align@https://registry.npmmirror.com/ansi-align/-/ansi-align-3.0.1.tgz 0ms (cache hit)
507 http cache strip-ansi@https://registry.npmmirror.com/strip-ansi/-/strip-ansi-6.0.1.tgz 0ms (cache hit)
508 http cache emoji-regex@https://registry.npmmirror.com/emoji-regex/-/emoji-regex-8.0.0.tgz 0ms (cache hit)
509 http cache require-from-string@https://registry.npmmirror.com/require-from-string/-/require-from-string-2.0.2.tgz 0ms (cache hit)
510 http cache string-width@https://registry.npmmirror.com/string-width/-/string-width-5.1.2.tgz 0ms (cache hit)
511 http cache string-width@https://registry.npmmirror.com/string-width/-/string-width-4.2.3.tgz 0ms (cache hit)
512 http cache json-schema-traverse@https://registry.npmmirror.com/json-schema-traverse/-/json-schema-traverse-1.0.0.tgz 0ms (cache hit)
513 http cache bytes@https://registry.npmmirror.com/bytes/-/bytes-3.0.0.tgz 0ms (cache hit)
514 http cache fast-deep-equal@https://registry.npmmirror.com/fast-deep-equal/-/fast-deep-equal-3.1.3.tgz 0ms (cache hit)
515 http cache is-port-reachable@https://registry.npmmirror.com/is-port-reachable/-/is-port-reachable-4.0.0.tgz 0ms (cache hit)
516 http cache serve-handler@https://registry.npmmirror.com/serve-handler/-/serve-handler-6.1.7.tgz 0ms (cache hit)
517 http cache fast-uri@https://registry.npmmirror.com/fast-uri/-/fast-uri-3.1.3.tgz 0ms (cache hit)
518 http cache chalk@https://registry.npmmirror.com/chalk/-/chalk-4.1.2.tgz 0ms (cache hit)
519 http cache update-check@https://registry.npmmirror.com/update-check/-/update-check-1.5.4.tgz 0ms (cache hit)
520 http cache compression@https://registry.npmmirror.com/compression/-/compression-1.8.1.tgz 0ms (cache hit)
521 http cache boxen@https://registry.npmmirror.com/boxen/-/boxen-7.0.0.tgz 0ms (cache hit)
522 http cache ansi-styles@https://registry.npmmirror.com/ansi-styles/-/ansi-styles-4.3.0.tgz 0ms (cache hit)
523 http cache clipboardy@https://registry.npmmirror.com/clipboardy/-/clipboardy-3.0.0.tgz 0ms (cache hit)
524 http cache arg@https://registry.npmmirror.com/arg/-/arg-5.0.2.tgz 0ms (cache hit)
525 http cache chalk-template@https://registry.npmmirror.com/chalk-template/-/chalk-template-0.4.0.tgz 0ms (cache hit)
526 http cache chalk@https://registry.npmmirror.com/chalk/-/chalk-5.0.1.tgz 0ms (cache hit)
527 http cache ajv@https://registry.npmmirror.com/ajv/-/ajv-8.18.0.tgz 0ms (cache hit)
528 silly tarball no local data for color-name@https://registry.npmmirror.com/color-name/-/color-name-1.1.4.tgz. Extracting by manifest.
529 silly tarball no local data for serve@https://registry.npmmirror.com/serve/-/serve-14.2.6.tgz. Extracting by manifest.
530 silly tarball no local data for color-convert@https://registry.npmmirror.com/color-convert/-/color-convert-2.0.1.tgz. Extracting by manifest.
531 silly tarball no local data for has-flag@https://registry.npmmirror.com/has-flag/-/has-flag-4.0.0.tgz. Extracting by manifest.
532 silly tarball no local data for supports-color@https://registry.npmmirror.com/supports-color/-/supports-color-7.2.0.tgz. Extracting by manifest.
533 silly tarball no local data for isexe@https://registry.npmmirror.com/isexe/-/isexe-2.0.0.tgz. Extracting by manifest.
534 silly tarball no local data for is-fullwidth-code-point@https://registry.npmmirror.com/is-fullwidth-code-point/-/is-fullwidth-code-point-3.0.0.tgz. Extracting by manifest.
535 silly tarball no local data for ansi-styles@https://registry.npmmirror.com/ansi-styles/-/ansi-styles-6.2.3.tgz. Extracting by manifest.
536 silly tarball no local data for strip-json-comments@https://registry.npmmirror.com/strip-json-comments/-/strip-json-comments-2.0.1.tgz. Extracting by manifest.
537 silly tarball no local data for ini@https://registry.npmmirror.com/ini/-/ini-1.3.8.tgz. Extracting by manifest.
538 silly tarball no local data for minimist@https://registry.npmmirror.com/minimist/-/minimist-1.2.8.tgz. Extracting by manifest.
539 silly tarball no local data for rc@https://registry.npmmirror.com/rc/-/rc-1.2.8.tgz. Extracting by manifest.
540 silly tarball no local data for deep-extend@https://registry.npmmirror.com/deep-extend/-/deep-extend-0.6.0.tgz. Extracting by manifest.
541 silly tarball no local data for registry-url@https://registry.npmmirror.com/registry-url/-/registry-url-3.1.0.tgz. Extracting by manifest.
542 silly tarball no local data for ansi-regex@https://registry.npmmirror.com/ansi-regex/-/ansi-regex-6.2.2.tgz. Extracting by manifest.
543 silly tarball no local data for strip-ansi@https://registry.npmmirror.com/strip-ansi/-/strip-ansi-7.2.0.tgz. Extracting by manifest.
544 silly tarball no local data for emoji-regex@https://registry.npmmirror.com/emoji-regex/-/emoji-regex-9.2.2.tgz. Extracting by manifest.
545 silly tarball no local data for registry-auth-token@https://registry.npmmirror.com/registry-auth-token/-/registry-auth-token-3.3.2.tgz. Extracting by manifest.
546 silly tarball no local data for eastasianwidth@https://registry.npmmirror.com/eastasianwidth/-/eastasianwidth-0.2.0.tgz. Extracting by manifest.
547 silly tarball no local data for shebang-regex@https://registry.npmmirror.com/shebang-regex/-/shebang-regex-3.0.0.tgz. Extracting by manifest.
548 silly tarball no local data for concat-map@https://registry.npmmirror.com/concat-map/-/concat-map-0.0.1.tgz. Extracting by manifest.
549 silly tarball no local data for brace-expansion@https://registry.npmmirror.com/brace-expansion/-/brace-expansion-1.1.16.tgz. Extracting by manifest.
550 http cache @zeit/schemas@https://registry.npmmirror.com/@zeit/schemas/-/schemas-2.36.0.tgz 1ms (cache hit)
551 silly tarball no local data for balanced-match@https://registry.npmmirror.com/balanced-match/-/balanced-match-1.0.2.tgz. Extracting by manifest.
552 silly tarball no local data for range-parser@https://registry.npmmirror.com/range-parser/-/range-parser-1.2.0.tgz. Extracting by manifest.
553 silly tarball no local data for path-is-inside@https://registry.npmmirror.com/path-is-inside/-/path-is-inside-1.0.2.tgz. Extracting by manifest.
554 silly tarball no local data for path-to-regexp@https://registry.npmmirror.com/path-to-regexp/-/path-to-regexp-3.3.0.tgz. Extracting by manifest.
555 silly tarball no local data for minimatch@https://registry.npmmirror.com/minimatch/-/minimatch-3.1.5.tgz. Extracting by manifest.
556 silly tarball no local data for mime-types@https://registry.npmmirror.com/mime-types/-/mime-types-2.1.18.tgz. Extracting by manifest.
557 silly tarball no local data for mime-db@https://registry.npmmirror.com/mime-db/-/mime-db-1.33.0.tgz. Extracting by manifest.
558 silly tarball no local data for is-docker@https://registry.npmmirror.com/is-docker/-/is-docker-2.2.1.tgz. Extracting by manifest.
559 silly tarball no local data for mimic-fn@https://registry.npmmirror.com/mimic-fn/-/mimic-fn-2.1.0.tgz. Extracting by manifest.
560 silly tarball no local data for which@https://registry.npmmirror.com/which/-/which-2.0.2.tgz. Extracting by manifest.
561 silly tarball no local data for content-disposition@https://registry.npmmirror.com/content-disposition/-/content-disposition-0.5.2.tgz. Extracting by manifest.
562 silly tarball no local data for shebang-command@https://registry.npmmirror.com/shebang-command/-/shebang-command-2.0.0.tgz. Extracting by manifest.
563 silly tarball no local data for signal-exit@https://registry.npmmirror.com/signal-exit/-/signal-exit-3.0.7.tgz. Extracting by manifest.
564 silly tarball no local data for strip-final-newline@https://registry.npmmirror.com/strip-final-newline/-/strip-final-newline-2.0.0.tgz. Extracting by manifest.
565 silly tarball no local data for path-key@https://registry.npmmirror.com/path-key/-/path-key-3.1.1.tgz. Extracting by manifest.
566 silly tarball no local data for onetime@https://registry.npmmirror.com/onetime/-/onetime-5.1.2.tgz. Extracting by manifest.
567 silly tarball no local data for merge-stream@https://registry.npmmirror.com/merge-stream/-/merge-stream-2.0.0.tgz. Extracting by manifest.
568 silly tarball no local data for human-signals@https://registry.npmmirror.com/human-signals/-/human-signals-2.1.0.tgz. Extracting by manifest.
569 silly tarball no local data for get-stream@https://registry.npmmirror.com/get-stream/-/get-stream-6.0.1.tgz. Extracting by manifest.
570 silly tarball no local data for is-stream@https://registry.npmmirror.com/is-stream/-/is-stream-2.0.1.tgz. Extracting by manifest.
571 silly tarball no local data for npm-run-path@https://registry.npmmirror.com/npm-run-path/-/npm-run-path-4.0.1.tgz. Extracting by manifest.
572 silly tarball no local data for ms@https://registry.npmmirror.com/ms/-/ms-2.0.0.tgz. Extracting by manifest.
573 silly tarball no local data for vary@https://registry.npmmirror.com/vary/-/vary-1.1.2.tgz. Extracting by manifest.
574 silly tarball no local data for safe-buffer@https://registry.npmmirror.com/safe-buffer/-/safe-buffer-5.2.1.tgz. Extracting by manifest.
575 silly tarball no local data for cross-spawn@https://registry.npmmirror.com/cross-spawn/-/cross-spawn-7.0.6.tgz. Extracting by manifest.
576 silly tarball no local data for negotiator@https://registry.npmmirror.com/negotiator/-/negotiator-0.6.4.tgz. Extracting by manifest.
577 silly tarball no local data for debug@https://registry.npmmirror.com/debug/-/debug-2.6.9.tgz. Extracting by manifest.
578 silly tarball no local data for on-headers@https://registry.npmmirror.com/on-headers/-/on-headers-1.1.0.tgz. Extracting by manifest.
579 silly tarball no local data for bytes@https://registry.npmmirror.com/bytes/-/bytes-3.1.2.tgz. Extracting by manifest.
580 silly tarball no local data for compressible@https://registry.npmmirror.com/compressible/-/compressible-2.0.18.tgz. Extracting by manifest.
581 silly tarball no local data for execa@https://registry.npmmirror.com/execa/-/execa-5.1.1.tgz. Extracting by manifest.
582 silly tarball no local data for is-wsl@https://registry.npmmirror.com/is-wsl/-/is-wsl-2.2.0.tgz. Extracting by manifest.
583 silly tarball no local data for mime-db@https://registry.npmmirror.com/mime-db/-/mime-db-1.54.0.tgz. Extracting by manifest.
584 silly tarball no local data for arch@https://registry.npmmirror.com/arch/-/arch-2.2.0.tgz. Extracting by manifest.
585 silly tarball no local data for wrap-ansi@https://registry.npmmirror.com/wrap-ansi/-/wrap-ansi-8.1.0.tgz. Extracting by manifest.
586 silly tarball no local data for widest-line@https://registry.npmmirror.com/widest-line/-/widest-line-4.0.1.tgz. Extracting by manifest.
587 silly tarball no local data for type-fest@https://registry.npmmirror.com/type-fest/-/type-fest-2.19.0.tgz. Extracting by manifest.
588 silly tarball no local data for camelcase@https://registry.npmmirror.com/camelcase/-/camelcase-7.0.1.tgz. Extracting by manifest.
589 silly tarball no local data for ansi-regex@https://registry.npmmirror.com/ansi-regex/-/ansi-regex-5.0.1.tgz. Extracting by manifest.
590 silly tarball no local data for cli-boxes@https://registry.npmmirror.com/cli-boxes/-/cli-boxes-3.0.0.tgz. Extracting by manifest.
591 silly tarball no local data for ansi-align@https://registry.npmmirror.com/ansi-align/-/ansi-align-3.0.1.tgz. Extracting by manifest.
592 silly tarball no local data for strip-ansi@https://registry.npmmirror.com/strip-ansi/-/strip-ansi-6.0.1.tgz. Extracting by manifest.
593 silly tarball no local data for emoji-regex@https://registry.npmmirror.com/emoji-regex/-/emoji-regex-8.0.0.tgz. Extracting by manifest.
594 silly tarball no local data for require-from-string@https://registry.npmmirror.com/require-from-string/-/require-from-string-2.0.2.tgz. Extracting by manifest.
595 silly tarball no local data for string-width@https://registry.npmmirror.com/string-width/-/string-width-5.1.2.tgz. Extracting by manifest.
596 silly tarball no local data for string-width@https://registry.npmmirror.com/string-width/-/string-width-4.2.3.tgz. Extracting by manifest.
597 silly tarball no local data for json-schema-traverse@https://registry.npmmirror.com/json-schema-traverse/-/json-schema-traverse-1.0.0.tgz. Extracting by manifest.
598 silly tarball no local data for bytes@https://registry.npmmirror.com/bytes/-/bytes-3.0.0.tgz. Extracting by manifest.
599 silly tarball no local data for fast-deep-equal@https://registry.npmmirror.com/fast-deep-equal/-/fast-deep-equal-3.1.3.tgz. Extracting by manifest.
600 silly tarball no local data for is-port-reachable@https://registry.npmmirror.com/is-port-reachable/-/is-port-reachable-4.0.0.tgz. Extracting by manifest.
601 silly tarball no local data for serve-handler@https://registry.npmmirror.com/serve-handler/-/serve-handler-6.1.7.tgz. Extracting by manifest.
602 silly tarball no local data for fast-uri@https://registry.npmmirror.com/fast-uri/-/fast-uri-3.1.3.tgz. Extracting by manifest.
603 silly tarball no local data for chalk@https://registry.npmmirror.com/chalk/-/chalk-4.1.2.tgz. Extracting by manifest.
604 silly tarball no local data for update-check@https://registry.npmmirror.com/update-check/-/update-check-1.5.4.tgz. Extracting by manifest.
605 silly tarball no local data for compression@https://registry.npmmirror.com/compression/-/compression-1.8.1.tgz. Extracting by manifest.
606 silly tarball no local data for boxen@https://registry.npmmirror.com/boxen/-/boxen-7.0.0.tgz. Extracting by manifest.
607 silly tarball no local data for ansi-styles@https://registry.npmmirror.com/ansi-styles/-/ansi-styles-4.3.0.tgz. Extracting by manifest.
608 silly tarball no local data for clipboardy@https://registry.npmmirror.com/clipboardy/-/clipboardy-3.0.0.tgz. Extracting by manifest.
609 silly tarball no local data for arg@https://registry.npmmirror.com/arg/-/arg-5.0.2.tgz. Extracting by manifest.
610 silly tarball no local data for chalk-template@https://registry.npmmirror.com/chalk-template/-/chalk-template-0.4.0.tgz. Extracting by manifest.
611 silly tarball no local data for chalk@https://registry.npmmirror.com/chalk/-/chalk-5.0.1.tgz. Extracting by manifest.
612 silly tarball no local data for ajv@https://registry.npmmirror.com/ajv/-/ajv-8.18.0.tgz. Extracting by manifest.
613 silly tarball no local data for @zeit/schemas@https://registry.npmmirror.com/@zeit/schemas/-/schemas-2.36.0.tgz. Extracting by manifest.
614 http fetch GET 200 https://cdn.npmmirror.com/packages/registry-url/3.1.0/registry-url-3.1.0.tgz 446ms (cache miss)
615 http fetch GET 200 https://cdn.npmmirror.com/packages/ansi-regex/6.2.2/ansi-regex-6.2.2.tgz 446ms (cache miss)
616 http fetch GET 200 https://cdn.npmmirror.com/packages/supports-color/7.2.0/supports-color-7.2.0.tgz 471ms (cache miss)
617 http fetch GET 200 https://cdn.npmmirror.com/packages/eastasianwidth/0.2.0/eastasianwidth-0.2.0.tgz 468ms (cache miss)
618 http fetch GET 200 https://cdn.npmmirror.com/packages/balanced-match/1.0.2/balanced-match-1.0.2.tgz 500ms (cache miss)
619 http fetch GET 200 https://cdn.npmmirror.com/packages/minimatch/3.1.5/minimatch-3.1.5.tgz 516ms (cache miss)
620 http fetch GET 200 https://cdn.npmmirror.com/packages/shebang-regex/3.0.0/shebang-regex-3.0.0.tgz 549ms (cache miss)
621 http fetch GET 200 https://cdn.npmmirror.com/packages/strip-ansi/7.2.0/strip-ansi-7.2.0.tgz 552ms (cache miss)
622 http fetch GET 200 https://cdn.npmmirror.com/packages/registry-auth-token/3.3.2/registry-auth-token-3.3.2.tgz 555ms (cache miss)
623 http fetch GET 200 https://cdn.npmmirror.com/packages/path-is-inside/1.0.2/path-is-inside-1.0.2.tgz 581ms (cache miss)
624 http fetch GET 200 https://cdn.npmmirror.com/packages/range-parser/1.2.0/range-parser-1.2.0.tgz 585ms (cache miss)
625 http fetch GET 200 https://cdn.npmmirror.com/packages/concat-map/0.0.1/concat-map-0.0.1.tgz 588ms (cache miss)
626 http fetch GET 200 https://cdn.npmmirror.com/packages/emoji-regex/9.2.2/emoji-regex-9.2.2.tgz 598ms (cache miss)
627 http fetch GET 200 https://cdn.npmmirror.com/packages/path-to-regexp/3.3.0/path-to-regexp-3.3.0.tgz 618ms (cache miss)
628 http fetch GET 200 https://cdn.npmmirror.com/packages/mime-types/2.1.18/mime-types-2.1.18.tgz 620ms (cache miss)
629 http fetch GET 200 https://cdn.npmmirror.com/packages/is-fullwidth-code-point/3.0.0/is-fullwidth-code-point-3.0.0.tgz 628ms (cache miss)
630 http fetch GET 200 https://cdn.npmmirror.com/packages/color-name/1.1.4/color-name-1.1.4.tgz 630ms (cache miss)
631 http fetch GET 200 https://cdn.npmmirror.com/packages/ini/1.3.8/ini-1.3.8.tgz 627ms (cache miss)
632 http fetch GET 200 https://cdn.npmmirror.com/packages/serve/14.2.6/serve-14.2.6.tgz 633ms (cache miss)
633 http fetch GET 200 https://cdn.npmmirror.com/packages/color-convert/2.0.1/color-convert-2.0.1.tgz 641ms (cache miss)
634 http fetch GET 200 https://cdn.npmmirror.com/packages/path-key/3.1.1/path-key-3.1.1.tgz 633ms (cache miss)
635 http fetch GET 200 https://cdn.npmmirror.com/packages/strip-json-comments/2.0.1/strip-json-comments-2.0.1.tgz 642ms (cache miss)
636 http fetch GET 200 https://cdn.npmmirror.com/packages/shebang-command/2.0.0/shebang-command-2.0.0.tgz 636ms (cache miss)
637 http fetch GET 200 https://cdn.npmmirror.com/packages/merge-stream/2.0.0/merge-stream-2.0.0.tgz 642ms (cache miss)
638 http fetch GET 200 https://cdn.npmmirror.com/packages/strip-final-newline/2.0.0/strip-final-newline-2.0.0.tgz 659ms (cache miss)
639 http fetch GET 200 https://cdn.npmmirror.com/packages/mime-db/1.33.0/mime-db-1.33.0.tgz 666ms (cache miss)
640 http fetch GET 200 https://cdn.npmmirror.com/packages/onetime/5.1.2/onetime-5.1.2.tgz 667ms (cache miss)
641 http fetch GET 200 https://cdn.npmmirror.com/packages/deep-extend/0.6.0/deep-extend-0.6.0.tgz 679ms (cache miss)
642 http fetch GET 200 https://cdn.npmmirror.com/packages/ms/2.0.0/ms-2.0.0.tgz 672ms (cache miss)
643 http fetch GET 200 https://cdn.npmmirror.com/packages/rc/1.2.8/rc-1.2.8.tgz 686ms (cache miss)
644 http fetch GET 200 https://cdn.npmmirror.com/packages/get-stream/6.0.1/get-stream-6.0.1.tgz 683ms (cache miss)
645 http fetch GET 200 https://cdn.npmmirror.com/packages/has-flag/4.0.0/has-flag-4.0.0.tgz 703ms (cache miss)
646 http fetch GET 200 https://cdn.npmmirror.com/packages/vary/1.1.2/vary-1.1.2.tgz 702ms (cache miss)
647 http fetch GET 200 https://cdn.npmmirror.com/packages/bytes/3.1.2/bytes-3.1.2.tgz 717ms (cache miss)
648 http fetch GET 200 https://cdn.npmmirror.com/packages/negotiator/0.6.4/negotiator-0.6.4.tgz 720ms (cache miss)
649 http fetch GET 200 https://cdn.npmmirror.com/packages/compressible/2.0.18/compressible-2.0.18.tgz 727ms (cache miss)
650 http fetch GET 200 https://cdn.npmmirror.com/packages/ansi-styles/6.2.3/ansi-styles-6.2.3.tgz 741ms (cache miss)
651 http fetch GET 200 https://cdn.npmmirror.com/packages/is-wsl/2.2.0/is-wsl-2.2.0.tgz 729ms (cache miss)
652 http fetch GET 200 https://cdn.npmmirror.com/packages/on-headers/1.1.0/on-headers-1.1.0.tgz 733ms (cache miss)
653 http fetch GET 200 https://cdn.npmmirror.com/packages/wrap-ansi/8.1.0/wrap-ansi-8.1.0.tgz 738ms (cache miss)
654 http fetch GET 200 https://cdn.npmmirror.com/packages/ansi-regex/5.0.1/ansi-regex-5.0.1.tgz 743ms (cache miss)
655 http fetch GET 200 https://cdn.npmmirror.com/packages/safe-buffer/5.2.1/safe-buffer-5.2.1.tgz 748ms (cache miss)
656 http fetch GET 200 https://cdn.npmmirror.com/packages/widest-line/4.0.1/widest-line-4.0.1.tgz 745ms (cache miss)
657 http fetch GET 200 https://cdn.npmmirror.com/packages/cross-spawn/7.0.6/cross-spawn-7.0.6.tgz 748ms (cache miss)
658 http fetch GET 200 https://cdn.npmmirror.com/packages/isexe/2.0.0/isexe-2.0.0.tgz 762ms (cache miss)
659 http fetch GET 200 https://cdn.npmmirror.com/packages/camelcase/7.0.1/camelcase-7.0.1.tgz 750ms (cache miss)
660 http fetch GET 200 https://cdn.npmmirror.com/packages/which/2.0.2/which-2.0.2.tgz 759ms (cache miss)
661 http fetch GET 200 https://cdn.npmmirror.com/packages/ansi-align/3.0.1/ansi-align-3.0.1.tgz 755ms (cache miss)
662 http fetch GET 200 https://cdn.npmmirror.com/packages/signal-exit/3.0.7/signal-exit-3.0.7.tgz 765ms (cache miss)
663 http fetch GET 200 https://cdn.npmmirror.com/packages/require-from-string/2.0.2/require-from-string-2.0.2.tgz 760ms (cache miss)
664 http fetch GET 200 https://cdn.npmmirror.com/packages/arch/2.2.0/arch-2.2.0.tgz 766ms (cache miss)
665 http fetch GET 200 https://cdn.npmmirror.com/packages/strip-ansi/6.0.1/strip-ansi-6.0.1.tgz 766ms (cache miss)
666 http fetch GET 200 https://cdn.npmmirror.com/packages/mime-db/1.54.0/mime-db-1.54.0.tgz 773ms (cache miss)
667 http fetch GET 200 https://cdn.npmmirror.com/packages/is-docker/2.2.1/is-docker-2.2.1.tgz 781ms (cache miss)
668 http fetch GET 200 https://cdn.npmmirror.com/packages/cli-boxes/3.0.0/cli-boxes-3.0.0.tgz 773ms (cache miss)
669 http fetch GET 200 https://cdn.npmmirror.com/packages/string-width/4.2.3/string-width-4.2.3.tgz 776ms (cache miss)
670 http fetch GET 200 https://cdn.npmmirror.com/packages/mimic-fn/2.1.0/mimic-fn-2.1.0.tgz 788ms (cache miss)
671 http fetch GET 200 https://cdn.npmmirror.com/packages/npm-run-path/4.0.1/npm-run-path-4.0.1.tgz 787ms (cache miss)
672 http fetch GET 200 https://cdn.npmmirror.com/packages/bytes/3.0.0/bytes-3.0.0.tgz 793ms (cache miss)
673 http fetch GET 200 https://cdn.npmmirror.com/packages/fast-deep-equal/3.1.3/fast-deep-equal-3.1.3.tgz 794ms (cache miss)
674 http fetch GET 200 https://cdn.npmmirror.com/packages/is-stream/2.0.1/is-stream-2.0.1.tgz 803ms (cache miss)
675 http fetch GET 200 https://cdn.npmmirror.com/packages/content-disposition/0.5.2/content-disposition-0.5.2.tgz 808ms (cache miss)
676 http fetch GET 200 https://cdn.npmmirror.com/packages/execa/5.1.1/execa-5.1.1.tgz 806ms (cache miss)
677 http fetch GET 200 https://cdn.npmmirror.com/packages/emoji-regex/8.0.0/emoji-regex-8.0.0.tgz 803ms (cache miss)
678 http fetch GET 200 https://cdn.npmmirror.com/packages/is-port-reachable/4.0.0/is-port-reachable-4.0.0.tgz 802ms (cache miss)
679 http fetch GET 200 https://cdn.npmmirror.com/packages/arg/5.0.2/arg-5.0.2.tgz 806ms (cache miss)
680 http fetch GET 200 https://cdn.npmmirror.com/packages/string-width/5.1.2/string-width-5.1.2.tgz 811ms (cache miss)
681 http fetch GET 200 https://cdn.npmmirror.com/packages/update-check/1.5.4/update-check-1.5.4.tgz 813ms (cache miss)
682 http fetch GET 200 https://cdn.npmmirror.com/packages/ansi-styles/4.3.0/ansi-styles-4.3.0.tgz 812ms (cache miss)
683 http fetch GET 200 https://cdn.npmmirror.com/packages/compression/1.8.1/compression-1.8.1.tgz 813ms (cache miss)
684 http fetch GET 200 https://cdn.npmmirror.com/packages/chalk-template/0.4.0/chalk-template-0.4.0.tgz 813ms (cache miss)
685 http fetch GET 200 https://cdn.npmmirror.com/packages/boxen/7.0.0/boxen-7.0.0.tgz 815ms (cache miss)
686 http fetch GET 200 https://cdn.npmmirror.com/packages/chalk/5.0.1/chalk-5.0.1.tgz 814ms (cache miss)
687 http fetch GET 200 https://cdn.npmmirror.com/packages/serve-handler/6.1.7/serve-handler-6.1.7.tgz 819ms (cache miss)
688 http fetch GET 200 https://cdn.npmmirror.com/packages/chalk/4.1.2/chalk-4.1.2.tgz 823ms (cache miss)
689 http fetch GET 200 https://cdn.npmmirror.com/packages/human-signals/2.1.0/human-signals-2.1.0.tgz 837ms (cache miss)
690 http fetch GET 200 https://cdn.npmmirror.com/packages/json-schema-traverse/1.0.0/json-schema-traverse-1.0.0.tgz 831ms (cache miss)
691 http fetch GET 200 https://cdn.npmmirror.com/packages/brace-expansion/1.1.16/brace-expansion-1.1.16.tgz 848ms (cache miss)
692 http fetch GET 200 https://cdn.npmmirror.com/packages/debug/2.6.9/debug-2.6.9.tgz 842ms (cache miss)
693 http fetch GET 200 https://cdn.npmmirror.com/packages/minimist/1.2.8/minimist-1.2.8.tgz 860ms (cache miss)
694 http fetch GET 200 https://cdn.npmmirror.com/packages/%40zeit/schemas/2.36.0/schemas-2.36.0.tgz 833ms (cache miss)
695 http fetch GET 200 https://cdn.npmmirror.com/packages/fast-uri/3.1.3/fast-uri-3.1.3.tgz 877ms (cache miss)
696 http fetch GET 200 https://cdn.npmmirror.com/packages/type-fest/2.19.0/type-fest-2.19.0.tgz 930ms (cache miss)
697 http fetch GET 200 https://cdn.npmmirror.com/packages/clipboardy/3.0.0/clipboardy-3.0.0.tgz 941ms (cache miss)
698 http fetch GET 200 https://cdn.npmmirror.com/packages/ajv/8.18.0/ajv-8.18.0.tgz 1554ms (cache miss)
699 silly ADD node_modules/serve
700 silly ADD node_modules/serve/node_modules/color-name
701 silly ADD node_modules/serve/node_modules/color-convert
702 silly ADD node_modules/serve/node_modules/has-flag
703 silly ADD node_modules/serve/node_modules/supports-color
704 silly ADD node_modules/serve/node_modules/is-fullwidth-code-point
705 silly ADD node_modules/serve/node_modules/ansi-styles
706 silly ADD node_modules/serve/node_modules/isexe
707 silly ADD node_modules/serve/node_modules/strip-json-comments
708 silly ADD node_modules/serve/node_modules/minimist
709 silly ADD node_modules/serve/node_modules/ini
710 silly ADD node_modules/serve/node_modules/deep-extend
711 silly ADD node_modules/serve/node_modules/rc
712 silly ADD node_modules/serve/node_modules/registry-url
713 silly ADD node_modules/serve/node_modules/registry-auth-token
714 silly ADD node_modules/serve/node_modules/ansi-regex
715 silly ADD node_modules/serve/node_modules/strip-ansi
716 silly ADD node_modules/serve/node_modules/emoji-regex
717 silly ADD node_modules/serve/node_modules/eastasianwidth
718 silly ADD node_modules/serve/node_modules/shebang-regex
719 silly ADD node_modules/serve/node_modules/concat-map
720 silly ADD node_modules/serve/node_modules/balanced-match
721 silly ADD node_modules/serve/node_modules/brace-expansion
722 silly ADD node_modules/serve/node_modules/range-parser
723 silly ADD node_modules/serve/node_modules/path-to-regexp
724 silly ADD node_modules/serve/node_modules/path-is-inside
725 silly ADD node_modules/serve/node_modules/minimatch
726 silly ADD node_modules/serve/node_modules/mime-types
727 silly ADD node_modules/serve/node_modules/mime-types/node_modules/mime-db
728 silly ADD node_modules/serve/node_modules/content-disposition
729 silly ADD node_modules/serve/node_modules/mimic-fn
730 silly ADD node_modules/serve/node_modules/is-docker
731 silly ADD node_modules/serve/node_modules/which
732 silly ADD node_modules/serve/node_modules/shebang-command
733 silly ADD node_modules/serve/node_modules/path-key
734 silly ADD node_modules/serve/node_modules/strip-final-newline
735 silly ADD node_modules/serve/node_modules/signal-exit
736 silly ADD node_modules/serve/node_modules/onetime
737 silly ADD node_modules/serve/node_modules/npm-run-path
738 silly ADD node_modules/serve/node_modules/merge-stream
739 silly ADD node_modules/serve/node_modules/is-stream
740 silly ADD node_modules/serve/node_modules/human-signals
741 silly ADD node_modules/serve/node_modules/get-stream
742 silly ADD node_modules/serve/node_modules/cross-spawn
743 silly ADD node_modules/serve/node_modules/ms
744 silly ADD node_modules/serve/node_modules/mime-db
745 silly ADD node_modules/serve/node_modules/vary
746 silly ADD node_modules/serve/node_modules/safe-buffer
747 silly ADD node_modules/serve/node_modules/on-headers
748 silly ADD node_modules/serve/node_modules/negotiator
749 silly ADD node_modules/serve/node_modules/debug
750 silly ADD node_modules/serve/node_modules/compressible
751 silly ADD node_modules/serve/node_modules/bytes
752 silly ADD node_modules/serve/node_modules/is-wsl
753 silly ADD node_modules/serve/node_modules/execa
754 silly ADD node_modules/serve/node_modules/arch
755 silly ADD node_modules/serve/node_modules/wrap-ansi
756 silly ADD node_modules/serve/node_modules/widest-line
757 silly ADD node_modules/serve/node_modules/type-fest
758 silly ADD node_modules/serve/node_modules/string-width
759 silly ADD node_modules/serve/node_modules/cli-boxes
760 silly ADD node_modules/serve/node_modules/camelcase
761 silly ADD node_modules/serve/node_modules/ansi-align
762 silly ADD node_modules/serve/node_modules/ansi-align/node_modules/ansi-regex
763 silly ADD node_modules/serve/node_modules/ansi-align/node_modules/strip-ansi
764 silly ADD node_modules/serve/node_modules/ansi-align/node_modules/emoji-regex
765 silly ADD node_modules/serve/node_modules/ansi-align/node_modules/string-width
766 silly ADD node_modules/serve/node_modules/require-from-string
767 silly ADD node_modules/serve/node_modules/json-schema-traverse
768 silly ADD node_modules/serve/node_modules/fast-uri
769 silly ADD node_modules/serve/node_modules/fast-deep-equal
770 silly ADD node_modules/serve/node_modules/update-check
771 silly ADD node_modules/serve/node_modules/serve-handler
772 silly ADD node_modules/serve/node_modules/serve-handler/node_modules/bytes
773 silly ADD node_modules/serve/node_modules/is-port-reachable
774 silly ADD node_modules/serve/node_modules/compression
775 silly ADD node_modules/serve/node_modules/clipboardy
776 silly ADD node_modules/serve/node_modules/chalk-template
777 silly ADD node_modules/serve/node_modules/chalk-template/node_modules/ansi-styles
778 silly ADD node_modules/serve/node_modules/chalk-template/node_modules/chalk
779 silly ADD node_modules/serve/node_modules/chalk
780 silly ADD node_modules/serve/node_modules/boxen
781 silly ADD node_modules/serve/node_modules/arg
782 silly ADD node_modules/serve/node_modules/ajv
783 silly ADD node_modules/serve/node_modules/@zeit/schemas
784 verbose cwd D:\JAVA\projects\ldy-ai-code-mother
785 verbose os Windows_NT 10.0.26200
786 verbose node v24.18.0
787 verbose npm  v11.16.0
788 notice
788 notice New [31mmajor[39m version of npm available! [31m11.16.0[39m -> [34m12.0.0[39m
788 notice Changelog: [34mhttps://github.com/npm/cli/releases/tag/v12.0.0[39m
788 notice To update run: [4mnpm install -g npm@12.0.0[24m
788 notice  { force: true, Symbol(proc-log.meta): true }
789 verbose exit 0
790 info ok
